c:\users\higorv\desktop\discordrichpresence-master\cogolden\debug\vc143.pdb
c:\users\higorv\desktop\discordrichpresence-master\cogolden\debug\vc143.idb
c:\users\higorv\desktop\discordrichpresence-master\cogolden\debug\voice_manager.obj
c:\users\higorv\desktop\discordrichpresence-master\cogolden\debug\user_manager.obj
c:\users\higorv\desktop\discordrichpresence-master\cogolden\debug\types.obj
c:\users\higorv\desktop\discordrichpresence-master\cogolden\debug\store_manager.obj
c:\users\higorv\desktop\discordrichpresence-master\cogolden\debug\storage_manager.obj
c:\users\higorv\desktop\discordrichpresence-master\cogolden\debug\relationship_manager.obj
c:\users\higorv\desktop\discordrichpresence-master\cogolden\debug\overlay_manager.obj
c:\users\higorv\desktop\discordrichpresence-master\cogolden\debug\network_manager.obj
c:\users\higorv\desktop\discordrichpresence-master\cogolden\debug\lobby_manager.obj
c:\users\higorv\desktop\discordrichpresence-master\cogolden\debug\image_manager.obj
c:\users\higorv\desktop\discordrichpresence-master\cogolden\debug\dllmain.obj
c:\users\higorv\desktop\discordrichpresence-master\cogolden\debug\core.obj
c:\users\higorv\desktop\discordrichpresence-master\cogolden\debug\application_manager.obj
c:\users\higorv\desktop\discordrichpresence-master\cogolden\debug\activity_manager.obj
c:\users\higorv\desktop\discordrichpresence-master\cogolden\debug\achievement_manager.obj
c:\users\higorv\desktop\discordrichpresence-master\debug\cogolden.dll
c:\users\higorv\desktop\discordrichpresence-master\debug\cogolden.pdb
c:\users\higorv\desktop\discordrichpresence-master\debug\cogolden.lib
c:\users\higorv\desktop\discordrichpresence-master\debug\cogolden.exp
c:\users\higorv\desktop\discordrichpresence-master\cogolden\debug\cogolden.ilk
c:\users\higorv\desktop\discordrichpresence-master\cogolden\debug\cogolden.tlog\cl.command.1.tlog
c:\users\higorv\desktop\discordrichpresence-master\cogolden\debug\cogolden.tlog\cl.items.tlog
c:\users\higorv\desktop\discordrichpresence-master\cogolden\debug\cogolden.tlog\cl.read.1.tlog
c:\users\higorv\desktop\discordrichpresence-master\cogolden\debug\cogolden.tlog\cl.write.1.tlog
c:\users\higorv\desktop\discordrichpresence-master\cogolden\debug\cogolden.tlog\link.command.1.tlog
c:\users\higorv\desktop\discordrichpresence-master\cogolden\debug\cogolden.tlog\link.read.1.tlog
c:\users\higorv\desktop\discordrichpresence-master\cogolden\debug\cogolden.tlog\link.secondary.1.tlog
c:\users\higorv\desktop\discordrichpresence-master\cogolden\debug\cogolden.tlog\link.write.1.tlog
